This is pdfTeX, Version 3.141592653-2.6-1.40.25 (TeX Live 2023) (preloaded format=pdflatex 2023.7.4)  5 JUL 2023 08:11
entering extended mode
 restricted \write18 enabled.
 %&-line parsing enabled.
**Elsevier.tex
(./Elsevier.tex
LaTeX2e <2023-06-01> patch level 1
L3 programming layer <2023-06-30>
(./elsarticle.cls
Document Class: elsarticle 2020/11/20, 3.3: Elsevier Ltd
(/home/ivan/.TinyTeX/texmf-dist/tex/latex/l3kernel/expl3.sty
Package: expl3 2023-06-30 L3 programming layer (loader) 
(/home/ivan/.TinyTeX/texmf-dist/tex/latex/l3backend/l3backend-pdftex.def
File: l3backend-pdftex.def 2023-04-19 L3 backend support: PDF output (pdfTeX)
\l__color_backend_stack_int=\count185
\l__pdf_internal_box=\box51
)) (/home/ivan/.TinyTeX/texmf-dist/tex/latex/l3packages/xparse/xparse.sty
Package: xparse 2023-02-02 L3 Experimental document command parser
) (/home/ivan/.TinyTeX/texmf-dist/tex/latex/etoolbox/etoolbox.sty
Package: etoolbox 2020/10/05 v2.5k e-TeX tools for LaTeX (JAW)
\etb@tempcnta=\count186
)
\@bls=\dimen140
(/home/ivan/.TinyTeX/texmf-dist/tex/latex/base/article.cls
Document Class: article 2023/05/17 v1.4n Standard LaTeX document class
(/home/ivan/.TinyTeX/texmf-dist/tex/latex/base/size10.clo
File: size10.clo 2023/05/17 v1.4n Standard LaTeX file (size option)
)
\c@part=\count187
\c@section=\count188
\c@subsection=\count189
\c@subsubsection=\count190
\c@paragraph=\count191
\c@subparagraph=\count192
\c@figure=\count193
\c@table=\count194
\abovecaptionskip=\skip48
\belowcaptionskip=\skip49
\bibindent=\dimen141
) (/home/ivan/.TinyTeX/texmf-dist/tex/latex/graphics/graphicx.sty
Package: graphicx 2021/09/16 v1.2d Enhanced LaTeX Graphics (DPC,SPQR)
(/home/ivan/.TinyTeX/texmf-dist/tex/latex/graphics/keyval.sty
Package: keyval 2022/05/29 v1.15 key=value parser (DPC)
\KV@toks@=\toks17
) (/home/ivan/.TinyTeX/texmf-dist/tex/latex/graphics/graphics.sty
Package: graphics 2022/03/10 v1.4e Standard LaTeX Graphics (DPC,SPQR)
(/home/ivan/.TinyTeX/texmf-dist/tex/latex/graphics/trig.sty
Package: trig 2021/08/11 v1.11 sin cos tan (DPC)
) (/home/ivan/.TinyTeX/texmf-dist/tex/latex/graphics-cfg/graphics.cfg
File: graphics.cfg 2016/06/04 v1.11 sample graphics configuration
)
Package graphics Info: Driver file: pdftex.def on input line 107.
(/home/ivan/.TinyTeX/texmf-dist/tex/latex/graphics-def/pdftex.def
File: pdftex.def 2022/09/22 v1.2b Graphics/color driver for pdftex
))
\Gin@req@height=\dimen142
\Gin@req@width=\dimen143
)
\c@tnote=\count195
\c@fnote=\count196
\c@cnote=\count197
\c@ead=\count198
\c@author=\count199
\@eadauthor=\toks18
\c@affn=\count266
\absbox=\box52
\elsarticlehighlightsbox=\box53
\elsarticlegrabsbox=\box54
\keybox=\box55
\Columnwidth=\dimen144
\space@left=\dimen145
\els@boxa=\box56
\els@boxb=\box57
\leftMargin=\dimen146
\@enLab=\toks19
\@sep=\skip50
\@@sep=\skip51
(./Elsevier.spl) (/home/ivan/.TinyTeX/texmf-dist/tex/latex/natbib/natbib.sty
Package: natbib 2010/09/13 8.31b (PWD, AO)
\bibhang=\skip52
\bibsep=\skip53
LaTeX Info: Redefining \cite on input line 694.
\c@NAT@ctr=\count267
)
\splwrite=\write3
\openout3 = `Elsevier.spl'.

\appnamewidth=\dimen147
) (/home/ivan/.TinyTeX/texmf-dist/tex/latex/url/url.sty
\Urlmuskip=\muskip16
Package: url 2013/09/16  ver 3.4  Verb mode for urls, etc.
) (/home/ivan/.TinyTeX/texmf-dist/tex/latex/base/fontenc.sty
Package: fontenc 2021/04/29 v2.0v Standard LaTeX package
) (/home/ivan/.TinyTeX/texmf-dist/tex/latex/lm/lmodern.sty
Package: lmodern 2015/05/01 v1.6.1 Latin Modern Fonts
LaTeX Font Info:    Overwriting symbol font `operators' in version `normal'
(Font)                  OT1/cmr/m/n --> OT1/lmr/m/n on input line 22.
LaTeX Font Info:    Overwriting symbol font `letters' in version `normal'
(Font)                  OML/cmm/m/it --> OML/lmm/m/it on input line 23.
LaTeX Font Info:    Overwriting symbol font `symbols' in version `normal'
(Font)                  OMS/cmsy/m/n --> OMS/lmsy/m/n on input line 24.
LaTeX Font Info:    Overwriting symbol font `largesymbols' in version `normal'
(Font)                  OMX/cmex/m/n --> OMX/lmex/m/n on input line 25.
LaTeX Font Info:    Overwriting symbol font `operators' in version `bold'
(Font)                  OT1/cmr/bx/n --> OT1/lmr/bx/n on input line 26.
LaTeX Font Info:    Overwriting symbol font `letters' in version `bold'
(Font)                  OML/cmm/b/it --> OML/lmm/b/it on input line 27.
LaTeX Font Info:    Overwriting symbol font `symbols' in version `bold'
(Font)                  OMS/cmsy/b/n --> OMS/lmsy/b/n on input line 28.
LaTeX Font Info:    Overwriting symbol font `largesymbols' in version `bold'
(Font)                  OMX/cmex/m/n --> OMX/lmex/m/n on input line 29.
LaTeX Font Info:    Overwriting math alphabet `\mathbf' in version `normal'
(Font)                  OT1/cmr/bx/n --> OT1/lmr/bx/n on input line 31.
LaTeX Font Info:    Overwriting math alphabet `\mathsf' in version `normal'
(Font)                  OT1/cmss/m/n --> OT1/lmss/m/n on input line 32.
LaTeX Font Info:    Overwriting math alphabet `\mathit' in version `normal'
(Font)                  OT1/cmr/m/it --> OT1/lmr/m/it on input line 33.
LaTeX Font Info:    Overwriting math alphabet `\mathtt' in version `normal'
(Font)                  OT1/cmtt/m/n --> OT1/lmtt/m/n on input line 34.
LaTeX Font Info:    Overwriting math alphabet `\mathbf' in version `bold'
(Font)                  OT1/cmr/bx/n --> OT1/lmr/bx/n on input line 35.
LaTeX Font Info:    Overwriting math alphabet `\mathsf' in version `bold'
(Font)                  OT1/cmss/bx/n --> OT1/lmss/bx/n on input line 36.
LaTeX Font Info:    Overwriting math alphabet `\mathit' in version `bold'
(Font)                  OT1/cmr/bx/it --> OT1/lmr/bx/it on input line 37.
LaTeX Font Info:    Overwriting math alphabet `\mathtt' in version `bold'
(Font)                  OT1/cmtt/m/n --> OT1/lmtt/m/n on input line 38.
) (/home/ivan/.TinyTeX/texmf-dist/tex/latex/amsfonts/amssymb.sty
Package: amssymb 2013/01/14 v3.01 AMS font symbols
(/home/ivan/.TinyTeX/texmf-dist/tex/latex/amsfonts/amsfonts.sty
Package: amsfonts 2013/01/14 v3.01 Basic AMSFonts support
\@emptytoks=\toks20
\symAMSa=\mathgroup4
\symAMSb=\mathgroup5
LaTeX Font Info:    Redeclaring math symbol \hbar on input line 98.
LaTeX Font Info:    Overwriting math alphabet `\mathfrak' in version `bold'
(Font)                  U/euf/m/n --> U/euf/b/n on input line 106.
)) (/home/ivan/.TinyTeX/texmf-dist/tex/latex/amsmath/amsmath.sty
Package: amsmath 2023/05/13 v2.17o AMS math features
\@mathmargin=\skip54
For additional information on amsmath, use the `?' option.
(/home/ivan/.TinyTeX/texmf-dist/tex/latex/amsmath/amstext.sty
Package: amstext 2021/08/26 v2.01 AMS text
(/home/ivan/.TinyTeX/texmf-dist/tex/latex/amsmath/amsgen.sty
File: amsgen.sty 1999/11/30 v2.0 generic functions
\@emptytoks=\toks21
\ex@=\dimen148
)) (/home/ivan/.TinyTeX/texmf-dist/tex/latex/amsmath/amsbsy.sty
Package: amsbsy 1999/11/29 v1.2d Bold Symbols
\pmbraise@=\dimen149
) (/home/ivan/.TinyTeX/texmf-dist/tex/latex/amsmath/amsopn.sty
Package: amsopn 2022/04/08 v2.04 operator names
)
\inf@bad=\count268
LaTeX Info: Redefining \frac on input line 234.
\uproot@=\count269
\leftroot@=\count270
LaTeX Info: Redefining \overline on input line 399.
LaTeX Info: Redefining \colon on input line 410.
\classnum@=\count271
\DOTSCASE@=\count272
LaTeX Info: Redefining \ldots on input line 496.
LaTeX Info: Redefining \dots on input line 499.
LaTeX Info: Redefining \cdots on input line 620.
\Mathstrutbox@=\box58
\strutbox@=\box59
LaTeX Info: Redefining \big on input line 722.
LaTeX Info: Redefining \Big on input line 723.
LaTeX Info: Redefining \bigg on input line 724.
LaTeX Info: Redefining \Bigg on input line 725.
\big@size=\dimen150
LaTeX Font Info:    Redeclaring font encoding OML on input line 743.
LaTeX Font Info:    Redeclaring font encoding OMS on input line 744.
\macc@depth=\count273
LaTeX Info: Redefining \bmod on input line 905.
LaTeX Info: Redefining \pmod on input line 910.
LaTeX Info: Redefining \smash on input line 940.
LaTeX Info: Redefining \relbar on input line 970.
LaTeX Info: Redefining \Relbar on input line 971.
\c@MaxMatrixCols=\count274
\dotsspace@=\muskip17
\c@parentequation=\count275
\dspbrk@lvl=\count276
\tag@help=\toks22
\row@=\count277
\column@=\count278
\maxfields@=\count279
\andhelp@=\toks23
\eqnshift@=\dimen151
\alignsep@=\dimen152
\tagshift@=\dimen153
\tagwidth@=\dimen154
\totwidth@=\dimen155
\lineht@=\dimen156
\@envbody=\toks24
\multlinegap=\skip55
\multlinetaggap=\skip56
\mathdisplay@stack=\toks25
LaTeX Info: Redefining \[ on input line 2953.
LaTeX Info: Redefining \] on input line 2954.
) (/home/ivan/.TinyTeX/texmf-dist/tex/latex/lineno/lineno.sty
Package: lineno 2023/05/20 line numbers on paragraphs v5.3
(/home/ivan/.TinyTeX/texmf-dist/tex/latex/kvoptions/kvoptions.sty
Package: kvoptions 2022-06-15 v3.15 Key value format for package options (HO)
(/home/ivan/.TinyTeX/texmf-dist/tex/generic/ltxcmds/ltxcmds.sty
Package: ltxcmds 2020-05-10 v1.25 LaTeX kernel commands for general use (HO)
) (/home/ivan/.TinyTeX/texmf-dist/tex/latex/kvsetkeys/kvsetkeys.sty
Package: kvsetkeys 2022-10-05 v1.19 Key value parser (HO)
))
\linenopenalty=\count280
\output=\toks26
\linenoprevgraf=\count281
\linenumbersep=\dimen157
\linenumberwidth=\dimen158
\c@linenumber=\count282
\c@pagewiselinenumber=\count283
\c@LN@truepage=\count284
\c@internallinenumber=\count285
\c@internallinenumbers=\count286
\quotelinenumbersep=\dimen159
\bframerule=\dimen160
\bframesep=\dimen161
\bframebox=\box60
\linenoamsmath@ams@eqpen=\count287
LaTeX Info: Redefining \\ on input line 3180.
) (/home/ivan/.TinyTeX/texmf-dist/tex/generic/iftex/ifxetex.sty
Package: ifxetex 2019/10/25 v0.7 ifxetex legacy package. Use iftex instead.
(/home/ivan/.TinyTeX/texmf-dist/tex/generic/iftex/iftex.sty
Package: iftex 2022/02/03 v1.0f TeX engine tests
)) (/home/ivan/.TinyTeX/texmf-dist/tex/generic/iftex/ifluatex.sty
Package: ifluatex 2019/10/25 v1.5 ifluatex legacy package. Use iftex instead.
) (/home/ivan/.TinyTeX/texmf-dist/tex/latex/base/fixltx2e.sty
Package: fixltx2e 2016/12/29 v2.1a fixes to LaTeX (obsolete)
Applying: [2015/01/01] Old fixltx2e package on input line 46.

Package fixltx2e Warning: fixltx2e is not required with releases after 2015
(fixltx2e)                All fixes are now in the LaTeX kernel.
(fixltx2e)                See the latexrelease package for details.

Already applied: [0000/00/00] Old fixltx2e package on input line 53.
) (/home/ivan/.TinyTeX/texmf-dist/tex/latex/base/inputenc.sty
Package: inputenc 2021/02/14 v1.3d Input encoding file
\inpenc@prehook=\toks27
\inpenc@posthook=\toks28
) (/home/ivan/.TinyTeX/texmf-dist/tex/latex/hyperref/hyperref.sty
Package: hyperref 2023-06-25 v7.01a Hypertext links for LaTeX
(/home/ivan/.TinyTeX/texmf-dist/tex/generic/pdftexcmds/pdftexcmds.sty
Package: pdftexcmds 2020-06-27 v0.33 Utility functions of pdfTeX for LuaTeX (HO)
(/home/ivan/.TinyTeX/texmf-dist/tex/generic/infwarerr/infwarerr.sty
Package: infwarerr 2019/12/03 v1.5 Providing info/warning/error messages (HO)
)
Package pdftexcmds Info: \pdf@primitive is available.
Package pdftexcmds Info: \pdf@ifprimitive is available.
Package pdftexcmds Info: \pdfdraftmode found.
) (/home/ivan/.TinyTeX/texmf-dist/tex/generic/kvdefinekeys/kvdefinekeys.sty
Package: kvdefinekeys 2019-12-19 v1.6 Define keys (HO)
) (/home/ivan/.TinyTeX/texmf-dist/tex/generic/pdfescape/pdfescape.sty
Package: pdfescape 2019/12/09 v1.15 Implements pdfTeX's escape features (HO)
) (/home/ivan/.TinyTeX/texmf-dist/tex/latex/hycolor/hycolor.sty
Package: hycolor 2020-01-27 v1.10 Color options for hyperref/bookmark (HO)
) (/home/ivan/.TinyTeX/texmf-dist/tex/latex/letltxmacro/letltxmacro.sty
Package: letltxmacro 2019/12/03 v1.6 Let assignment for LaTeX macros (HO)
) (/home/ivan/.TinyTeX/texmf-dist/tex/latex/auxhook/auxhook.sty
Package: auxhook 2019-12-17 v1.6 Hooks for auxiliary files (HO)
) (/home/ivan/.TinyTeX/texmf-dist/tex/latex/hyperref/nameref.sty
Package: nameref 2023-06-18 v2.52 Cross-referencing by name of section
(/home/ivan/.TinyTeX/texmf-dist/tex/latex/refcount/refcount.sty
Package: refcount 2019/12/15 v3.6 Data extraction from label references (HO)
) (/home/ivan/.TinyTeX/texmf-dist/tex/generic/gettitlestring/gettitlestring.sty
Package: gettitlestring 2019/12/15 v1.6 Cleanup title references (HO)
)
\c@section@level=\count288
)
\@linkdim=\dimen162
\Hy@linkcounter=\count289
\Hy@pagecounter=\count290
(/home/ivan/.TinyTeX/texmf-dist/tex/latex/hyperref/pd1enc.def
File: pd1enc.def 2023-06-25 v7.01a Hyperref: PDFDocEncoding definition (HO)
Now handling font encoding PD1 ...
... no UTF-8 mapping file for font encoding PD1
) (/home/ivan/.TinyTeX/texmf-dist/tex/generic/intcalc/intcalc.sty
Package: intcalc 2019/12/15 v1.3 Expandable calculations with integers (HO)
)
\Hy@SavedSpaceFactor=\count291
(/home/ivan/.TinyTeX/texmf-dist/tex/latex/hyperref/puenc.def
File: puenc.def 2023-06-25 v7.01a Hyperref: PDF Unicode definition (HO)
Now handling font encoding PU ...
... no UTF-8 mapping file for font encoding PU
)
Package hyperref Info: Option `unicode' set `true' on input line 4050.
Package hyperref Info: Hyper figures OFF on input line 4167.
Package hyperref Info: Link nesting OFF on input line 4172.
Package hyperref Info: Hyper index ON on input line 4175.
Package hyperref Info: Plain pages OFF on input line 4182.
Package hyperref Info: Backreferencing OFF on input line 4187.
Package hyperref Info: Implicit mode ON; LaTeX internals redefined.
Package hyperref Info: Bookmarks ON on input line 4434.
\c@Hy@tempcnt=\count292
LaTeX Info: Redefining \url on input line 4772.
\XeTeXLinkMargin=\dimen163
(/home/ivan/.TinyTeX/texmf-dist/tex/generic/bitset/bitset.sty
Package: bitset 2019/12/09 v1.3 Handle bit-vector datatype (HO)
(/home/ivan/.TinyTeX/texmf-dist/tex/generic/bigintcalc/bigintcalc.sty
Package: bigintcalc 2019/12/15 v1.5 Expandable calculations on big integers (HO)
))
\Fld@menulength=\count293
\Field@Width=\dimen164
\Fld@charsize=\dimen165
Package hyperref Info: Hyper figures OFF on input line 6051.
Package hyperref Info: Link nesting OFF on input line 6056.
Package hyperref Info: Hyper index ON on input line 6059.
Package hyperref Info: backreferencing OFF on input line 6066.
Package hyperref Info: Link coloring OFF on input line 6071.
Package hyperref Info: Link coloring with OCG OFF on input line 6076.
Package hyperref Info: PDF/A mode OFF on input line 6081.
(/home/ivan/.TinyTeX/texmf-dist/tex/latex/base/atbegshi-ltx.sty
Package: atbegshi-ltx 2021/01/10 v1.0c Emulation of the original atbegshi
package with kernel methods
)
\Hy@abspage=\count294
\c@Item=\count295
\c@Hfootnote=\count296
)
Package hyperref Info: Driver (autodetected): hpdftex.
(/home/ivan/.TinyTeX/texmf-dist/tex/latex/hyperref/hpdftex.def
File: hpdftex.def 2023-06-25 v7.01a Hyperref driver for pdfTeX
(/home/ivan/.TinyTeX/texmf-dist/tex/latex/base/atveryend-ltx.sty
Package: atveryend-ltx 2020/08/19 v1.0a Emulation of the original atveryend package
with kernel methods
)
\Fld@listcount=\count297
\c@bookmark@seq@number=\count298
(/home/ivan/.TinyTeX/texmf-dist/tex/latex/rerunfilecheck/rerunfilecheck.sty
Package: rerunfilecheck 2022-07-10 v1.10 Rerun checks for auxiliary files (HO)
(/home/ivan/.TinyTeX/texmf-dist/tex/generic/uniquecounter/uniquecounter.sty
Package: uniquecounter 2019/12/15 v1.4 Provide unlimited unique counter (HO)
)
Package uniquecounter Info: New unique counter `rerunfilecheck' on input line 285.
)
\Hy@SectionHShift=\skip57
)
Package hyperref Info: Option `breaklinks' set `true' on input line 50.

Package hyperref Warning: Option `bookmarks' has already been used,
(hyperref)                setting the option has no effect on input line 50.

Package hyperref Info: Option `colorlinks' set `false' on input line 50.
(/home/ivan/.TinyTeX/texmf-dist/tex/latex/tools/longtable.sty
Package: longtable 2021-09-01 v4.17 Multi-page Table package (DPC)
\LTleft=\skip58
\LTright=\skip59
\LTpre=\skip60
\LTpost=\skip61
\LTchunksize=\count299
\LTcapwidth=\dimen166
\LT@head=\box61
\LT@firsthead=\box62
\LT@foot=\box63
\LT@lastfoot=\box64
\LT@gbox=\box65
\LT@cols=\count300
\LT@rows=\count301
\c@LT@tables=\count302
\c@LT@chunks=\count303
\LT@p@ftn=\toks29
) (/home/ivan/.TinyTeX/texmf-dist/tex/latex/booktabs/booktabs.sty
Package: booktabs 2020/01/12 v1.61803398 Publication quality tables
\heavyrulewidth=\dimen167
\lightrulewidth=\dimen168
\cmidrulewidth=\dimen169
\belowrulesep=\dimen170
\belowbottomsep=\dimen171
\aboverulesep=\dimen172
\abovetopsep=\dimen173
\cmidrulesep=\dimen174
\cmidrulekern=\dimen175
\defaultaddspace=\dimen176
\@cmidla=\count304
\@cmidlb=\count305
\@aboverulesep=\dimen177
\@belowrulesep=\dimen178
\@thisruleclass=\count306
\@lastruleclass=\count307
\@thisrulewidth=\dimen179
) (/home/ivan/.TinyTeX/texmf-dist/tex/latex/tools/array.sty
Package: array 2022/09/04 v2.5g Tabular extension package (FMi)
\col@sep=\dimen180
\ar@mcellbox=\box66
\extrarowheight=\dimen181
\NC@list=\toks30
\extratabsurround=\skip62
\backup@length=\skip63
\ar@cellbox=\box67
) (/home/ivan/.TinyTeX/texmf-dist/tex/latex/tools/calc.sty
Package: calc 2017/05/25 v4.3 Infix arithmetic (KKT,FJ)
\calc@Acount=\count308
\calc@Bcount=\count309
\calc@Adimen=\dimen182
\calc@Bdimen=\dimen183
\calc@Askip=\skip64
\calc@Bskip=\skip65
LaTeX Info: Redefining \setlength on input line 80.
LaTeX Info: Redefining \addtolength on input line 81.
\calc@Ccount=\count310
\calc@Cskip=\skip66
) (/home/ivan/.TinyTeX/texmf-dist/tex/latex/mdwtools/footnote.sty
Package: footnote 1997/01/28 1.13 Save footnotes around boxes
\fn@notes=\box68
\fn@width=\dimen184
)
LaTeX Font Info:    Trying to load font information for T1+lmr on input line 77.
(/home/ivan/.TinyTeX/texmf-dist/tex/latex/lm/t1lmr.fd
File: t1lmr.fd 2015/05/01 v1.6.1 Font defs for Latin Modern
) (./Elsevier.aux)
\openout1 = `Elsevier.aux'.

LaTeX Font Info:    Checking defaults for OML/cmm/m/it on input line 77.
LaTeX Font Info:    ... okay on input line 77.
LaTeX Font Info:    Checking defaults for OMS/cmsy/m/n on input line 77.
LaTeX Font Info:    ... okay on input line 77.
LaTeX Font Info:    Checking defaults for OT1/cmr/m/n on input line 77.
LaTeX Font Info:    ... okay on input line 77.
LaTeX Font Info:    Checking defaults for T1/cmr/m/n on input line 77.
LaTeX Font Info:    ... okay on input line 77.
LaTeX Font Info:    Checking defaults for TS1/cmr/m/n on input line 77.
LaTeX Font Info:    ... okay on input line 77.
LaTeX Font Info:    Checking defaults for OMX/cmex/m/n on input line 77.
LaTeX Font Info:    ... okay on input line 77.
LaTeX Font Info:    Checking defaults for U/cmr/m/n on input line 77.
LaTeX Font Info:    ... okay on input line 77.
LaTeX Font Info:    Checking defaults for PD1/pdf/m/n on input line 77.
LaTeX Font Info:    ... okay on input line 77.
LaTeX Font Info:    Checking defaults for PU/pdf/m/n on input line 77.
LaTeX Font Info:    ... okay on input line 77.
(/home/ivan/.TinyTeX/texmf-dist/tex/latex/epstopdf-pkg/epstopdf-base.sty
Package: epstopdf-base 2020-01-24 v2.11 Base part for package epstopdf
Package epstopdf-base Info: Redefining graphics rule for `.eps' on input line 485.
(/home/ivan/.TinyTeX/texmf-dist/tex/latex/latexconfig/epstopdf-sys.cfg
File: epstopdf-sys.cfg 2010/07/13 v1.3 Configuration of (r)epstopdf for TeX Live
))
Package hyperref Info: Link coloring OFF on input line 77.
(./Elsevier.out) (./Elsevier.out)
\@outlinefile=\write4
\openout4 = `Elsevier.out'.

LaTeX Font Info:    Trying to load font information for OT1+lmr on input line 120.
(/home/ivan/.TinyTeX/texmf-dist/tex/latex/lm/ot1lmr.fd
File: ot1lmr.fd 2015/05/01 v1.6.1 Font defs for Latin Modern
)
LaTeX Font Info:    Trying to load font information for OML+lmm on input line 120.
(/home/ivan/.TinyTeX/texmf-dist/tex/latex/lm/omllmm.fd
File: omllmm.fd 2015/05/01 v1.6.1 Font defs for Latin Modern
)
LaTeX Font Info:    Trying to load font information for OMS+lmsy on input line 120.
(/home/ivan/.TinyTeX/texmf-dist/tex/latex/lm/omslmsy.fd
File: omslmsy.fd 2015/05/01 v1.6.1 Font defs for Latin Modern
)
LaTeX Font Info:    Trying to load font information for OMX+lmex on input line 120.
(/home/ivan/.TinyTeX/texmf-dist/tex/latex/lm/omxlmex.fd
File: omxlmex.fd 2015/05/01 v1.6.1 Font defs for Latin Modern
)
LaTeX Font Info:    External font `lmex10' loaded for size
(Font)              <8> on input line 120.
LaTeX Font Info:    External font `lmex10' loaded for size
(Font)              <6> on input line 120.
LaTeX Font Info:    External font `lmex10' loaded for size
(Font)              <5> on input line 120.
LaTeX Font Info:    Trying to load font information for U+msa on input line 120.
(/home/ivan/.TinyTeX/texmf-dist/tex/latex/amsfonts/umsa.fd
File: umsa.fd 2013/01/14 v3.01 AMS symbols A
)
LaTeX Font Info:    Trying to load font information for U+msb on input line 120.
(/home/ivan/.TinyTeX/texmf-dist/tex/latex/amsfonts/umsb.fd
File: umsb.fd 2013/01/14 v3.01 AMS symbols B
)
LaTeX Font Info:    Trying to load font information for T1+lmtt on input line 120.
(/home/ivan/.TinyTeX/texmf-dist/tex/latex/lm/t1lmtt.fd
File: t1lmtt.fd 2015/05/01 v1.6.1 Font defs for Latin Modern
)
LaTeX Font Info:    External font `lmex10' loaded for size
(Font)              <10> on input line 120.
LaTeX Font Info:    External font `lmex10' loaded for size
(Font)              <7> on input line 120.

Overfull \hbox (2.22221pt too wide) has occurred while \output is active
[] 
 []


Package hyperref Warning: Token not allowed in a PDF string (Unicode):
(hyperref)                removing `\<def>-command' on input line 226.


Package hyperref Warning: Token not allowed in a PDF string (Unicode):
(hyperref)                removing `\cnotenum' on input line 226.


Package hyperref Warning: Token not allowed in a PDF string (Unicode):
(hyperref)                removing `\<def>-command' on input line 226.


Package hyperref Warning: Token not allowed in a PDF string (Unicode):
(hyperref)                removing `\@corref' on input line 226.

[1


{/home/ivan/.TinyTeX/texmf-var/fonts/map/pdftex/updmap/pdftex.map}{/home/ivan/.TinyTeX/texmf-dist/fonts/enc/dvips/lm/lm-ec.enc}{/home/ivan/.TinyTeX/texmf-dist/fonts/enc/dvips/lm/lm-mathsy.enc}] [2] [3]
<../paper/images/Methodology Home Detection.jpeg, id=84, 912.0474pt x 225.9642pt>
File: ../paper/images/Methodology Home Detection.jpeg Graphic file (type jpg)
<use ../paper/images/Methodology Home Detection.jpeg>
Package pdftex.def Info: ../paper/images/Methodology Home Detection.jpeg  used on input line 276.
(pdftex.def)             Requested size: 310.4979pt x 76.92679pt.
[4{/home/ivan/.TinyTeX/texmf-dist/fonts/enc/dvips/lm/lm-mathit.enc}{/home/ivan/.TinyTeX/texmf-dist/fonts/enc/dvips/lm/lm-rm.enc} <../paper/images/Methodology Home Detection.jpeg>]
LaTeX Font Info:    Trying to load font information for TS1+lmr on input line 305.
(/home/ivan/.TinyTeX/texmf-dist/tex/latex/lm/ts1lmr.fd
File: ts1lmr.fd 2015/05/01 v1.6.1 Font defs for Latin Modern
) [5{/home/ivan/.TinyTeX/texmf-dist/fonts/enc/dvips/lm/lm-ts1.enc}]
<../paper/images/mapa.png, id=104, 920.84026pt x 442.65375pt>
File: ../paper/images/mapa.png Graphic file (type png)
<use ../paper/images/mapa.png>
Package pdftex.def Info: ../paper/images/mapa.png  used on input line 456.
(pdftex.def)             Requested size: 310.4979pt x 149.25748pt.
[6]
Overfull \hbox (3.03145pt too wide) in paragraph at lines 510--511
 []\T1/lmr/m/n/10 dow 
 []


Overfull \hbox (3.03145pt too wide) in paragraph at lines 531--532
 []\T1/lmr/m/n/10 dow 
 []


Overfull \hbox (8.81844pt too wide) in paragraph at lines 541--541
 []|\T1/lmr/m/n/10 717002.3| 
 []


Overfull \hbox (8.92825pt too wide) in paragraph at lines 541--541
 []|\T1/lmr/m/n/10 9677061| 
 []


Overfull \hbox (4.62018pt too wide) in paragraph at lines 541--541
 []|\T1/lmr/m/n/10 2616.9| 
 []


Overfull \hbox (8.81844pt too wide) in paragraph at lines 541--541
 []|\T1/lmr/m/n/10 23.30222| 
 []


Overfull \hbox (17.24155pt too wide) in paragraph at lines 541--541
 []|\T1/lmr/m/n/10 0.0008559638| 
 []


Overfull \hbox (17.24155pt too wide) in paragraph at lines 542--542
 []|\T1/lmr/m/n/10 0.0030555556| 
 []


Overfull \hbox (10.12912pt too wide) in paragraph at lines 542--543
 []|\T1/lmr/m/n/10 0.28013360| 
 []


Overfull \hbox (8.81844pt too wide) in paragraph at lines 543--543
 []|\T1/lmr/m/n/10 717002.8| 
 []


Overfull \hbox (8.92825pt too wide) in paragraph at lines 543--543
 []|\T1/lmr/m/n/10 9677062| 
 []


Overfull \hbox (4.62018pt too wide) in paragraph at lines 543--543
 []|\T1/lmr/m/n/10 2616.9| 
 []


Overfull \hbox (8.81844pt too wide) in paragraph at lines 543--543
 []|\T1/lmr/m/n/10 23.30444| 
 []


Overfull \hbox (17.24155pt too wide) in paragraph at lines 543--543
 []|\T1/lmr/m/n/10 0.0006438428| 
 []


Overfull \hbox (17.24155pt too wide) in paragraph at lines 544--544
 []|\T1/lmr/m/n/10 0.0022222222| 
 []


Overfull \hbox (10.12912pt too wide) in paragraph at lines 544--545
 []|\T1/lmr/m/n/10 0.28972928| 
 []


Overfull \hbox (8.81844pt too wide) in paragraph at lines 545--545
 []|\T1/lmr/m/n/10 717007.8| 
 []


Overfull \hbox (8.92825pt too wide) in paragraph at lines 545--545
 []|\T1/lmr/m/n/10 9677053| 
 []


Overfull \hbox (4.62018pt too wide) in paragraph at lines 545--545
 []|\T1/lmr/m/n/10 2616.9| 
 []


Overfull \hbox (8.81844pt too wide) in paragraph at lines 545--545
 []|\T1/lmr/m/n/10 23.30500| 
 []


Overfull \hbox (17.24155pt too wide) in paragraph at lines 545--545
 []|\T1/lmr/m/n/10 0.0104786529| 
 []


Overfull \hbox (17.24155pt too wide) in paragraph at lines 546--546
 []|\T1/lmr/m/n/10 0.0005555556| 
 []


Overfull \hbox (15.12912pt too wide) in paragraph at lines 546--547
 []|\T1/lmr/m/n/10 18.86157527| 
 []


Overfull \hbox (8.81844pt too wide) in paragraph at lines 547--547
 []|\T1/lmr/m/n/10 716998.5| 
 []


Overfull \hbox (8.92825pt too wide) in paragraph at lines 547--547
 []|\T1/lmr/m/n/10 9677059| 
 []


Overfull \hbox (4.62018pt too wide) in paragraph at lines 547--547
 []|\T1/lmr/m/n/10 2616.9| 
 []


Overfull \hbox (8.81844pt too wide) in paragraph at lines 547--547
 []|\T1/lmr/m/n/10 23.33444| 
 []


Overfull \hbox (17.24155pt too wide) in paragraph at lines 547--547
 []|\T1/lmr/m/n/10 0.0112071707| 
 []


Overfull \hbox (17.24155pt too wide) in paragraph at lines 548--548
 []|\T1/lmr/m/n/10 0.0294444444| 
 []


Overfull \hbox (10.12912pt too wide) in paragraph at lines 548--549
 []|\T1/lmr/m/n/10 0.38062089| 
 []


Overfull \hbox (1.31068pt too wide) in paragraph at lines 549--549
[]|\T1/lmr/m/n/10 11|  
 []


Overfull \hbox (8.81844pt too wide) in paragraph at lines 549--549
 []|\T1/lmr/m/n/10 716998.2| 
 []


Overfull \hbox (8.92825pt too wide) in paragraph at lines 549--549
 []|\T1/lmr/m/n/10 9677059| 
 []


Overfull \hbox (4.62018pt too wide) in paragraph at lines 549--549
 []|\T1/lmr/m/n/10 2616.9| 
 []


Overfull \hbox (8.81844pt too wide) in paragraph at lines 549--549
 []|\T1/lmr/m/n/10 23.33500| 
 []


Overfull \hbox (17.24155pt too wide) in paragraph at lines 549--549
 []|\T1/lmr/m/n/10 0.0002436517| 
 []


Overfull \hbox (17.24155pt too wide) in paragraph at lines 550--550
 []|\T1/lmr/m/n/10 0.0005555556| 
 []


Overfull \hbox (10.12912pt too wide) in paragraph at lines 550--551
 []|\T1/lmr/m/n/10 0.43857315| 
 []


Overfull \hbox (1.31068pt too wide) in paragraph at lines 551--551
[]|\T1/lmr/m/n/10 12|  
 []


Overfull \hbox (8.81844pt too wide) in paragraph at lines 551--551
 []|\T1/lmr/m/n/10 717175.5| 
 []


Overfull \hbox (8.92825pt too wide) in paragraph at lines 551--551
 []|\T1/lmr/m/n/10 9676911| 
 []


Overfull \hbox (4.62018pt too wide) in paragraph at lines 551--551
 []|\T1/lmr/m/n/10 2617.3| 
 []


Overfull \hbox (3.81844pt too wide) in paragraph at lines 551--551
 []|\T1/lmr/m/n/10 6.65667| 
 []


Overfull \hbox (17.24155pt too wide) in paragraph at lines 551--551
 []|\T1/lmr/m/n/10 0.2311041122| 
 []


Overfull \hbox (17.24155pt too wide) in paragraph at lines 552--552
 []|\T1/lmr/m/n/10 7.3216666667| 
 []


Overfull \hbox (10.12912pt too wide) in paragraph at lines 552--553
 []|\T1/lmr/m/n/10 0.03156441| 
 []


Overfull \hbox (1.31068pt too wide) in paragraph at lines 553--553
[]|\T1/lmr/m/n/10 15|  
 []


Overfull \hbox (8.81844pt too wide) in paragraph at lines 553--553
 []|\T1/lmr/m/n/10 717228.9| 
 []


Overfull \hbox (8.92825pt too wide) in paragraph at lines 553--553
 []|\T1/lmr/m/n/10 9676883| 
 []


Overfull \hbox (4.62018pt too wide) in paragraph at lines 553--553
 []|\T1/lmr/m/n/10 2617.3| 
 []


Overfull \hbox (3.81844pt too wide) in paragraph at lines 553--553
 []|\T1/lmr/m/n/10 6.65778| 
 []


Overfull \hbox (17.24155pt too wide) in paragraph at lines 553--553
 []|\T1/lmr/m/n/10 0.0602266050| 
 []


Overfull \hbox (17.24155pt too wide) in paragraph at lines 554--554
 []|\T1/lmr/m/n/10 0.0011111111| 
 []


Overfull \hbox (15.12912pt too wide) in paragraph at lines 554--555
 []|\T1/lmr/m/n/10 54.20394450| 
 []


Overfull \hbox (1.31068pt too wide) in paragraph at lines 555--555
[]|\T1/lmr/m/n/10 16|  
 []


Overfull \hbox (8.81844pt too wide) in paragraph at lines 555--555
 []|\T1/lmr/m/n/10 717271.2| 
 []


Overfull \hbox (8.92825pt too wide) in paragraph at lines 555--555
 []|\T1/lmr/m/n/10 9676865| 
 []


Overfull \hbox (4.62018pt too wide) in paragraph at lines 555--555
 []|\T1/lmr/m/n/10 2617.3| 
 []


Overfull \hbox (3.81844pt too wide) in paragraph at lines 555--555
 []|\T1/lmr/m/n/10 6.65861| 
 []


Overfull \hbox (17.24155pt too wide) in paragraph at lines 555--555
 []|\T1/lmr/m/n/10 0.0456284679| 
 []


Overfull \hbox (17.24155pt too wide) in paragraph at lines 556--556
 []|\T1/lmr/m/n/10 0.0008333333| 
 []


Overfull \hbox (15.12912pt too wide) in paragraph at lines 556--557
 []|\T1/lmr/m/n/10 54.75416151| 
 []


Overfull \hbox (1.31068pt too wide) in paragraph at lines 557--557
[]|\T1/lmr/m/n/10 20|  
 []


Overfull \hbox (8.81844pt too wide) in paragraph at lines 557--557
 []|\T1/lmr/m/n/10 717304.9| 
 []


Overfull \hbox (8.92825pt too wide) in paragraph at lines 557--557
 []|\T1/lmr/m/n/10 9676851| 
 []


Overfull \hbox (4.62018pt too wide) in paragraph at lines 557--557
 []|\T1/lmr/m/n/10 2617.3| 
 []


Overfull \hbox (3.81844pt too wide) in paragraph at lines 557--557
 []|\T1/lmr/m/n/10 6.65944| 
 []


Overfull \hbox (17.24155pt too wide) in paragraph at lines 557--557
 []|\T1/lmr/m/n/10 0.0365995628| 
 []


Overfull \hbox (17.24155pt too wide) in paragraph at lines 558--558
 []|\T1/lmr/m/n/10 0.0008333333| 
 []


Overfull \hbox (15.12912pt too wide) in paragraph at lines 558--559
 []|\T1/lmr/m/n/10 43.91947537| 
 []


Overfull \hbox (1.31068pt too wide) in paragraph at lines 559--559
[]|\T1/lmr/m/n/10 21|  
 []


Overfull \hbox (8.81844pt too wide) in paragraph at lines 559--559
 []|\T1/lmr/m/n/10 717338.8| 
 []


Overfull \hbox (8.92825pt too wide) in paragraph at lines 559--559
 []|\T1/lmr/m/n/10 9676843| 
 []


Overfull \hbox (4.62018pt too wide) in paragraph at lines 559--559
 []|\T1/lmr/m/n/10 2617.3| 
 []


Overfull \hbox (3.81844pt too wide) in paragraph at lines 559--559
 []|\T1/lmr/m/n/10 6.66056| 
 []


Overfull \hbox (17.24155pt too wide) in paragraph at lines 559--559
 []|\T1/lmr/m/n/10 0.0350002202| 
 []


Overfull \hbox (17.24155pt too wide) in paragraph at lines 560--560
 []|\T1/lmr/m/n/10 0.0011111111| 
 []


Overfull \hbox (15.12912pt too wide) in paragraph at lines 560--561
 []|\T1/lmr/m/n/10 31.50019820| 
 []

[7{/home/ivan/.TinyTeX/texmf-dist/fonts/enc/dvips/lm/lm-mathex.enc} <../paper/images/mapa.png>]

LaTeX Warning: Reference `fig3' on page 8 undefined on input line 582.

<Elsevier_files/figure-latex/speed-plot-1.pdf, id=124, 469.755pt x 325.215pt>
File: Elsevier_files/figure-latex/speed-plot-1.pdf Graphic file (type pdf)
<use Elsevier_files/figure-latex/speed-plot-1.pdf>
Package pdftex.def Info: Elsevier_files/figure-latex/speed-plot-1.pdf  used on input line 584.
(pdftex.def)             Requested size: 469.75386pt x 325.2142pt.

Overfull \hbox (139.75386pt too wide) in paragraph at lines 584--589
[][]
 []

[8]
<Elsevier_files/figure-latex/speed-hour-plot-1.pdf, id=131, 469.755pt x 325.215pt>
File: Elsevier_files/figure-latex/speed-hour-plot-1.pdf Graphic file (type pdf)
<use Elsevier_files/figure-latex/speed-hour-plot-1.pdf>
Package pdftex.def Info: Elsevier_files/figure-latex/speed-hour-plot-1.pdf  used on input line 592.
(pdftex.def)             Requested size: 469.75386pt x 325.2142pt.

Overfull \hbox (124.75386pt too wide) in paragraph at lines 592--593
 [][] 
 []

<Elsevier_files/figure-latex/speed-hour2-plot-1.pdf, id=133, 469.755pt x 325.215pt>
File: Elsevier_files/figure-latex/speed-hour2-plot-1.pdf Graphic file (type pdf)
<use Elsevier_files/figure-latex/speed-hour2-plot-1.pdf>
Package pdftex.def Info: Elsevier_files/figure-latex/speed-hour2-plot-1.pdf  used on input line 611.
(pdftex.def)             Requested size: 469.75386pt x 325.2142pt.

Overfull \hbox (124.75386pt too wide) in paragraph at lines 611--612
 [][] 
 []

[9 <./Elsevier_files/figure-latex/speed-plot-1.pdf>] [10 <./Elsevier_files/figure-latex/speed-hour-plot-1.pdf>] [11 <./Elsevier_files/figure-latex/speed-hour2-plot-1.pdf>]
Overfull \hbox (1.83893pt too wide) in paragraph at lines 696--697
 []\T1/lmr/m/n/10 tripid 
 []


Overfull \hbox (11.15285pt too wide) in paragraph at lines 706--707
 []\T1/lmr/m/n/10 departure 
 []


Overfull \hbox (5.53708pt too wide) in paragraph at lines 710--711
 []\T1/lmr/m/n/10 tdistance 
 []


Overfull \hbox (1.83893pt too wide) in paragraph at lines 718--719
 []\T1/lmr/m/n/10 tripid 
 []


Overfull \hbox (11.15285pt too wide) in paragraph at lines 728--729
 []\T1/lmr/m/n/10 departure 
 []


Overfull \hbox (5.53708pt too wide) in paragraph at lines 732--733
 []\T1/lmr/m/n/10 tdistance 
 []


Overfull \hbox (9.49094pt too wide) in paragraph at lines 738--738
 []|\T1/lmr/m/n/10 717228.9| 
 []


Overfull \hbox (9.52856pt too wide) in paragraph at lines 738--738
 []|\T1/lmr/m/n/10 9676883| 
 []


Overfull \hbox (9.49094pt too wide) in paragraph at lines 738--738
 []|\T1/lmr/m/n/10 722215.7| 
 []


Overfull \hbox (9.52856pt too wide) in paragraph at lines 738--738
 []|\T1/lmr/m/n/10 9677159| 
 []


Overfull \hbox (1.65276pt too wide) in paragraph at lines 738--738
 []|\T1/lmr/m/n/10 6.65778| 
 []


Overfull \hbox (4.49094pt too wide) in paragraph at lines 738--738
 []|\T1/lmr/m/n/10 6.89056| 
 []


Overfull \hbox (13.81458pt too wide) in paragraph at lines 739--739
 []|\T1/lmr/m/n/10 6.11272986| 
 []


Overfull \hbox (7.30632pt too wide) in paragraph at lines 739--740
 []|\T1/lmr/m/n/10 0.23278| 
 []


Overfull \hbox (9.49094pt too wide) in paragraph at lines 740--740
 []|\T1/lmr/m/n/10 722228.4| 
 []


Overfull \hbox (9.52856pt too wide) in paragraph at lines 740--740
 []|\T1/lmr/m/n/10 9677163| 
 []


Overfull \hbox (9.49094pt too wide) in paragraph at lines 740--740
 []|\T1/lmr/m/n/10 722206.4| 
 []


Overfull \hbox (9.52856pt too wide) in paragraph at lines 740--740
 []|\T1/lmr/m/n/10 9677232| 
 []


Overfull \hbox (1.65276pt too wide) in paragraph at lines 740--740
 []|\T1/lmr/m/n/10 8.67111| 
 []


Overfull \hbox (4.49094pt too wide) in paragraph at lines 740--740
 []|\T1/lmr/m/n/10 9.00083| 
 []


Overfull \hbox (13.81458pt too wide) in paragraph at lines 741--741
 []|\T1/lmr/m/n/10 0.20374773| 
 []


Overfull \hbox (7.30632pt too wide) in paragraph at lines 741--742
 []|\T1/lmr/m/n/10 0.32972| 
 []


Overfull \hbox (9.49094pt too wide) in paragraph at lines 742--742
 []|\T1/lmr/m/n/10 722217.5| 
 []


Overfull \hbox (9.52856pt too wide) in paragraph at lines 742--742
 []|\T1/lmr/m/n/10 9677177| 
 []


Overfull \hbox (9.49094pt too wide) in paragraph at lines 742--742
 []|\T1/lmr/m/n/10 722219.0| 
 []


Overfull \hbox (9.52856pt too wide) in paragraph at lines 742--742
 []|\T1/lmr/m/n/10 9677174| 
 []


Overfull \hbox (6.65276pt too wide) in paragraph at lines 742--742
 []|\T1/lmr/m/n/10 11.12417| 
 []


Overfull \hbox (9.49094pt too wide) in paragraph at lines 742--742
 []|\T1/lmr/m/n/10 11.15306| 
 []


Overfull \hbox (13.81458pt too wide) in paragraph at lines 743--743
 []|\T1/lmr/m/n/10 0.03148881| 
 []


Overfull \hbox (7.30632pt too wide) in paragraph at lines 743--744
 []|\T1/lmr/m/n/10 0.02889| 
 []


Overfull \hbox (9.49094pt too wide) in paragraph at lines 744--744
 []|\T1/lmr/m/n/10 722221.9| 
 []


Overfull \hbox (9.52856pt too wide) in paragraph at lines 744--744
 []|\T1/lmr/m/n/10 9677168| 
 []


Overfull \hbox (9.49094pt too wide) in paragraph at lines 744--744
 []|\T1/lmr/m/n/10 722402.4| 
 []


Overfull \hbox (9.52856pt too wide) in paragraph at lines 744--744
 []|\T1/lmr/m/n/10 9677279| 
 []


Overfull \hbox (6.65276pt too wide) in paragraph at lines 744--744
 []|\T1/lmr/m/n/10 12.24778| 
 []


Overfull \hbox (9.49094pt too wide) in paragraph at lines 744--744
 []|\T1/lmr/m/n/10 12.36639| 
 []


Overfull \hbox (13.81458pt too wide) in paragraph at lines 745--745
 []|\T1/lmr/m/n/10 0.38327980| 
 []


Overfull \hbox (7.30632pt too wide) in paragraph at lines 745--746
 []|\T1/lmr/m/n/10 0.11861| 
 []


Overfull \hbox (9.49094pt too wide) in paragraph at lines 746--746
 []|\T1/lmr/m/n/10 722327.9| 
 []


Overfull \hbox (9.52856pt too wide) in paragraph at lines 746--746
 []|\T1/lmr/m/n/10 9677236| 
 []


Overfull \hbox (9.49094pt too wide) in paragraph at lines 746--746
 []|\T1/lmr/m/n/10 722198.1| 
 []


Overfull \hbox (9.52856pt too wide) in paragraph at lines 746--746
 []|\T1/lmr/m/n/10 9677170| 
 []


Overfull \hbox (6.65276pt too wide) in paragraph at lines 746--746
 []|\T1/lmr/m/n/10 12.91694| 
 []


Overfull \hbox (9.49094pt too wide) in paragraph at lines 746--746
 []|\T1/lmr/m/n/10 12.99778| 
 []


Overfull \hbox (13.81458pt too wide) in paragraph at lines 747--747
 []|\T1/lmr/m/n/10 0.11186781| 
 []


Overfull \hbox (7.30632pt too wide) in paragraph at lines 747--748
 []|\T1/lmr/m/n/10 0.08084| 
 []


Overfull \hbox (9.49094pt too wide) in paragraph at lines 748--748
 []|\T1/lmr/m/n/10 722219.7| 
 []


Overfull \hbox (9.52856pt too wide) in paragraph at lines 748--748
 []|\T1/lmr/m/n/10 9677171| 
 []


Overfull \hbox (9.49094pt too wide) in paragraph at lines 748--748
 []|\T1/lmr/m/n/10 722319.8| 
 []


Overfull \hbox (9.52856pt too wide) in paragraph at lines 748--748
 []|\T1/lmr/m/n/10 9677195| 
 []


Overfull \hbox (6.65276pt too wide) in paragraph at lines 748--748
 []|\T1/lmr/m/n/10 14.10639| 
 []


Overfull \hbox (9.49094pt too wide) in paragraph at lines 748--748
 []|\T1/lmr/m/n/10 14.21889| 
 []


Overfull \hbox (13.81458pt too wide) in paragraph at lines 749--749
 []|\T1/lmr/m/n/10 0.21750674| 
 []


Overfull \hbox (7.30632pt too wide) in paragraph at lines 749--750
 []|\T1/lmr/m/n/10 0.11250| 
 []


Overfull \hbox (9.49094pt too wide) in paragraph at lines 750--750
 []|\T1/lmr/m/n/10 722284.2| 
 []


Overfull \hbox (9.52856pt too wide) in paragraph at lines 750--750
 []|\T1/lmr/m/n/10 9677244| 
 []


Overfull \hbox (9.49094pt too wide) in paragraph at lines 750--750
 []|\T1/lmr/m/n/10 722319.8| 
 []


Overfull \hbox (9.52856pt too wide) in paragraph at lines 750--750
 []|\T1/lmr/m/n/10 9677189| 
 []


Overfull \hbox (6.65276pt too wide) in paragraph at lines 750--750
 []|\T1/lmr/m/n/10 14.73167| 
 []


Overfull \hbox (9.49094pt too wide) in paragraph at lines 750--750
 []|\T1/lmr/m/n/10 14.91028| 
 []


Overfull \hbox (13.81458pt too wide) in paragraph at lines 751--751
 []|\T1/lmr/m/n/10 0.19505546| 
 []


Overfull \hbox (7.30632pt too wide) in paragraph at lines 751--752
 []|\T1/lmr/m/n/10 0.17861| 
 []


Overfull \hbox (9.49094pt too wide) in paragraph at lines 752--752
 []|\T1/lmr/m/n/10 722230.8| 
 []


Overfull \hbox (9.52856pt too wide) in paragraph at lines 752--752
 []|\T1/lmr/m/n/10 9677218| 
 []


Overfull \hbox (9.49094pt too wide) in paragraph at lines 752--752
 []|\T1/lmr/m/n/10 722186.1| 
 []


Overfull \hbox (9.52856pt too wide) in paragraph at lines 752--752
 []|\T1/lmr/m/n/10 9677200| 
 []


Overfull \hbox (6.65276pt too wide) in paragraph at lines 752--752
 []|\T1/lmr/m/n/10 15.60222| 
 []


Overfull \hbox (9.49094pt too wide) in paragraph at lines 752--752
 []|\T1/lmr/m/n/10 15.63500| 
 []


Overfull \hbox (13.81458pt too wide) in paragraph at lines 753--753
 []|\T1/lmr/m/n/10 0.04114902| 
 []


Overfull \hbox (7.30632pt too wide) in paragraph at lines 753--754
 []|\T1/lmr/m/n/10 0.03278| 
 []


Overfull \hbox (9.49094pt too wide) in paragraph at lines 754--754
 []|\T1/lmr/m/n/10 722167.9| 
 []


Overfull \hbox (9.52856pt too wide) in paragraph at lines 754--754
 []|\T1/lmr/m/n/10 9676934| 
 []


Overfull \hbox (9.49094pt too wide) in paragraph at lines 754--754
 []|\T1/lmr/m/n/10 717010.1| 
 []


Overfull \hbox (9.52856pt too wide) in paragraph at lines 754--754
 []|\T1/lmr/m/n/10 9677058| 
 []


Overfull \hbox (6.65276pt too wide) in paragraph at lines 754--754
 []|\T1/lmr/m/n/10 15.97472| 
 []


Overfull \hbox (9.49094pt too wide) in paragraph at lines 754--754
 []|\T1/lmr/m/n/10 16.57806| 
 []


Overfull \hbox (13.81458pt too wide) in paragraph at lines 755--755
 []|\T1/lmr/m/n/10 6.52144871| 
 []


Overfull \hbox (7.30632pt too wide) in paragraph at lines 755--756
 []|\T1/lmr/m/n/10 0.60334| 
 []

<../paper/images/destinos.jpeg, id=165, 920.9607pt x 442.7742pt>
File: ../paper/images/destinos.jpeg Graphic file (type jpg)
<use ../paper/images/destinos.jpeg>
Package pdftex.def Info: ../paper/images/destinos.jpeg  used on input line 770.
(pdftex.def)             Requested size: 310.4979pt x 149.27783pt.
<Elsevier_files/figure-latex/trips-plot-1.pdf, id=167, 469.755pt x 325.215pt>
File: Elsevier_files/figure-latex/trips-plot-1.pdf Graphic file (type pdf)
<use Elsevier_files/figure-latex/trips-plot-1.pdf>
Package pdftex.def Info: Elsevier_files/figure-latex/trips-plot-1.pdf  used on input line 779.
(pdftex.def)             Requested size: 469.75386pt x 325.2142pt.

Overfull \hbox (124.75386pt too wide) in paragraph at lines 779--780
 [][] 
 []

[12] [13 <../paper/images/destinos.jpeg> <./Elsevier_files/figure-latex/trips-plot-1.pdf>]

LaTeX Warning: Reference `fig8' on page 14 undefined on input line 818.

<Elsevier_files/figure-latex/homes-plot-1.pdf, id=187, 469.755pt x 325.215pt>
File: Elsevier_files/figure-latex/homes-plot-1.pdf Graphic file (type pdf)
<use Elsevier_files/figure-latex/homes-plot-1.pdf>
Package pdftex.def Info: Elsevier_files/figure-latex/homes-plot-1.pdf  used on input line 822.
(pdftex.def)             Requested size: 469.75386pt x 325.2142pt.
<Elsevier_files/figure-latex/homes-plot-2.pdf, id=188, 469.755pt x 325.215pt>
File: Elsevier_files/figure-latex/homes-plot-2.pdf Graphic file (type pdf)
<use Elsevier_files/figure-latex/homes-plot-2.pdf>
Package pdftex.def Info: Elsevier_files/figure-latex/homes-plot-2.pdf  used on input line 823.
(pdftex.def)             Requested size: 469.75386pt x 325.2142pt.

Overfull \hbox (139.75386pt too wide) in paragraph at lines 822--824
[][]
 []


Overfull \hbox (124.75386pt too wide) in paragraph at lines 822--824
[] 
 []

[14] [15 <./Elsevier_files/figure-latex/homes-plot-1.pdf>]
<../paper/images/homes.jpeg, id=203, 920.9607pt x 442.7742pt>
File: ../paper/images/homes.jpeg Graphic file (type jpg)
<use ../paper/images/homes.jpeg>
Package pdftex.def Info: ../paper/images/homes.jpeg  used on input line 831.
(pdftex.def)             Requested size: 310.4979pt x 149.27783pt.
<../paper/images/allhomes.jpeg, id=206, 766.3029pt x 435.5472pt>
File: ../paper/images/allhomes.jpeg Graphic file (type jpg)
<use ../paper/images/allhomes.jpeg>
Package pdftex.def Info: ../paper/images/allhomes.jpeg  used on input line 850.
(pdftex.def)             Requested size: 310.4979pt x 176.48204pt.
[16 <./Elsevier_files/figure-latex/homes-plot-2.pdf>] [17 <../paper/images/homes.jpeg> <../paper/images/allhomes.jpeg>] (./Elsevier.bbl [18]) [19] (./Elsevier.aux)
 ***********
LaTeX2e <2023-06-01> patch level 1
L3 programming layer <2023-06-30>
 ***********

LaTeX Warning: There were undefined references.

Package rerunfilecheck Info: File `Elsevier.out' has not changed.
(rerunfilecheck)             Checksum: 95F91AE4A5598145199813EA0CD01114;1544.
 ) 
Here is how much of TeX's memory you used:
 11460 strings out of 477197
 178526 string characters out of 5813834
 1955244 words of memory out of 5000000
 32189 multiletter control sequences out of 15000+600000
 606275 words of font info for 73 fonts, out of 8000000 for 9000
 14 hyphenation exceptions out of 8191
 72i,9n,79p,371b,560s stack positions out of 10000i,1000n,20000p,200000b,200000s
</home/ivan/.TinyTeX/texmf-dist/fonts/type1/public/lm/lmbx10.pfb></home/ivan/.TinyTeX/texmf-dist/fonts/type1/public/lm/lmex10.pfb></home/ivan/.TinyTeX/texmf-dist/fonts/type1/public/lm/lmmi10.pfb></home/ivan/.TinyTeX/texmf-dist/fonts/type1/public/lm/lmmi7.pfb></home/ivan/.TinyTeX/texmf-dist/fonts/type1/public/lm/lmr10.pfb></home/ivan/.TinyTeX/texmf-dist/fonts/type1/public/lm/lmr12.pfb></home/ivan/.TinyTeX/texmf-dist/fonts/type1/public/lm/lmr7.pfb></home/ivan/.TinyTeX/texmf-dist/fonts/type1/public/lm/lmr8.pfb></home/ivan/.TinyTeX/texmf-dist/fonts/type1/public/lm/lmri10.pfb></home/ivan/.TinyTeX/texmf-dist/fonts/type1/public/lm/lmri8.pfb></home/ivan/.TinyTeX/texmf-dist/fonts/type1/public/lm/lmsy10.pfb></home/ivan/.TinyTeX/texmf-dist/fonts/type1/public/lm/lmsy6.pfb></home/ivan/.TinyTeX/texmf-dist/fonts/type1/public/lm/lmsy7.pfb></home/ivan/.TinyTeX/texmf-dist/fonts/type1/public/lm/lmtt8.pfb>
Output written on Elsevier.pdf (19 pages, 2854643 bytes).
PDF statistics:
 324 PDF objects out of 1000 (max. 8388607)
 251 compressed objects within 3 object streams
 62 named destinations out of 1000 (max. 500000)
 136 words of extra memory for PDF output out of 10000 (max. 10000000)

